

times in msec
 clock   self+sourced   self:  sourced script
 clock   elapsed:              other lines

000.051  000.051: --- NVIM STARTING ---
023.167  023.116: locale set
024.417  001.250: inits 1
024.732  000.315: window checked
029.376  004.644: parsing arguments
029.511  000.135: expanding arguments
029.599  000.087: inits 2
033.203  003.604: init highlight
033.210  000.007: waiting for UI
037.255  004.044: done waiting for UI
037.310  000.056: init screen for UI
037.361  000.051: init default mappings
039.210  001.849: init default autocommands
077.526  037.326  037.326: sourcing C:\Users\okr\AppData\Local\nvim\init.lua
077.621  001.086: sourcing vimrc file(s)
099.152  000.158  000.158: sourcing C:\Users\okr\AppData\Local\nvim-data\site\pack\plugins\start\nvim-treesitter\ftdetect\elixir.vim
099.510  000.116  000.116: sourcing C:\Users\okr\AppData\Local\nvim-data\site\pack\plugins\start\nvim-treesitter\ftdetect\fennel.vim
099.868  000.125  000.125: sourcing C:\Users\okr\AppData\Local\nvim-data\site\pack\plugins\start\nvim-treesitter\ftdetect\fish.vim
100.227  000.125  000.125: sourcing C:\Users\okr\AppData\Local\nvim-data\site\pack\plugins\start\nvim-treesitter\ftdetect\gdresource.vim
100.602  000.121  000.121: sourcing C:\Users\okr\AppData\Local\nvim-data\site\pack\plugins\start\nvim-treesitter\ftdetect\gdscript.vim
100.946  000.114  000.114: sourcing C:\Users\okr\AppData\Local\nvim-data\site\pack\plugins\start\nvim-treesitter\ftdetect\gomod.vim
101.301  000.125  000.125: sourcing C:\Users\okr\AppData\Local\nvim-data\site\pack\plugins\start\nvim-treesitter\ftdetect\graphql.vim
101.667  000.132  000.132: sourcing C:\Users\okr\AppData\Local\nvim-data\site\pack\plugins\start\nvim-treesitter\ftdetect\hcl.vim
102.034  000.135  000.135: sourcing C:\Users\okr\AppData\Local\nvim-data\site\pack\plugins\start\nvim-treesitter\ftdetect\heex.vim
102.382  000.119  000.119: sourcing C:\Users\okr\AppData\Local\nvim-data\site\pack\plugins\start\nvim-treesitter\ftdetect\hjson.vim
102.752  000.134  000.134: sourcing C:\Users\okr\AppData\Local\nvim-data\site\pack\plugins\start\nvim-treesitter\ftdetect\json5.vim
103.101  000.119  000.119: sourcing C:\Users\okr\AppData\Local\nvim-data\site\pack\plugins\start\nvim-treesitter\ftdetect\julia.vim
103.463  000.132  000.132: sourcing C:\Users\okr\AppData\Local\nvim-data\site\pack\plugins\start\nvim-treesitter\ftdetect\ledger.vim
103.816  000.121  000.121: sourcing C:\Users\okr\AppData\Local\nvim-data\site\pack\plugins\start\nvim-treesitter\ftdetect\nix.vim
104.185  000.141  000.141: sourcing C:\Users\okr\AppData\Local\nvim-data\site\pack\plugins\start\nvim-treesitter\ftdetect\ql.vim
104.559  000.144  000.144: sourcing C:\Users\okr\AppData\Local\nvim-data\site\pack\plugins\start\nvim-treesitter\ftdetect\query.vim
104.979  000.189  000.189: sourcing C:\Users\okr\AppData\Local\nvim-data\site\pack\plugins\start\nvim-treesitter\ftdetect\surface.vim
105.488  000.143  000.143: sourcing C:\Users\okr\AppData\Local\nvim-data\site\pack\plugins\start\nvim-treesitter\ftdetect\teal.vim
105.873  000.139  000.139: sourcing C:\Users\okr\AppData\Local\nvim-data\site\pack\plugins\start\nvim-treesitter\ftdetect\tlaplus.vim
106.256  000.138  000.138: sourcing C:\Users\okr\AppData\Local\nvim-data\site\pack\plugins\start\nvim-treesitter\ftdetect\yang.vim
106.641  000.138  000.138: sourcing C:\Users\okr\AppData\Local\nvim-data\site\pack\plugins\start\nvim-treesitter\ftdetect\zig.vim
107.908  000.273  000.273: sourcing C:\Users\okr\AppData\Local\nvim-data\site\pack\plugins\start\tree-sitter-just\ftdetect\just.vim
108.618  000.150  000.150: sourcing C:\Users\okr\AppData\Local\nvim-data\site\pack\plugins\start\vim-just\ftdetect\just.vim
111.701  032.311  029.078: sourcing C:\Users\okr\scoop\apps\neovim-nightly\current\share\nvim\runtime\filetype.vim
113.929  000.194  000.194: sourcing C:\Users\okr\scoop\apps\neovim-nightly\current\share\nvim\runtime\ftplugin.vim
116.287  000.187  000.187: sourcing C:\Users\okr\scoop\apps\neovim-nightly\current\share\nvim\runtime\indent.vim
119.395  000.273  000.273: sourcing C:\Users\okr\scoop\apps\neovim-nightly\current\share\nvim\runtime\syntax\synload.vim
128.480  011.483  011.210: sourcing C:\Users\okr\scoop\apps\neovim-nightly\current\share\nvim\runtime\syntax\syntax.vim
147.873  000.137  000.137: sourcing C:\Users\okr\scoop\apps\neovim-nightly\current\share\nvim\runtime\plugin\gzip.vim
148.341  000.148  000.148: sourcing C:\Users\okr\scoop\apps\neovim-nightly\current\share\nvim\runtime\plugin\health.vim
148.956  000.295  000.295: sourcing C:\Users\okr\scoop\apps\neovim-nightly\current\share\nvim\runtime\plugin\man.vim
149.421  000.147  000.147: sourcing C:\Users\okr\scoop\apps\neovim-nightly\current\share\nvim\runtime\plugin\matchit.vim
150.176  000.435  000.435: sourcing C:\Users\okr\scoop\apps\neovim-nightly\current\share\nvim\runtime\plugin\matchparen.vim
150.679  000.167  000.167: sourcing C:\Users\okr\scoop\apps\neovim-nightly\current\share\nvim\runtime\plugin\netrwPlugin.vim
151.997  000.129  000.129: sourcing C:\Users\okr\AppData\Local\nvim-data/rplugin.vim
152.033  001.041  000.912: sourcing C:\Users\okr\scoop\apps\neovim-nightly\current\share\nvim\runtime\plugin\rplugin.vim
152.706  000.356  000.356: sourcing C:\Users\okr\scoop\apps\neovim-nightly\current\share\nvim\runtime\plugin\shada.vim
153.186  000.142  000.142: sourcing C:\Users\okr\scoop\apps\neovim-nightly\current\share\nvim\runtime\plugin\spellfile.vim
153.662  000.146  000.146: sourcing C:\Users\okr\scoop\apps\neovim-nightly\current\share\nvim\runtime\plugin\tarPlugin.vim
154.133  000.143  000.143: sourcing C:\Users\okr\scoop\apps\neovim-nightly\current\share\nvim\runtime\plugin\tohtml.vim
154.643  000.175  000.175: sourcing C:\Users\okr\scoop\apps\neovim-nightly\current\share\nvim\runtime\plugin\tutor.vim
155.217  000.219  000.219: sourcing C:\Users\okr\scoop\apps\neovim-nightly\current\share\nvim\runtime\plugin\zipPlugin.vim
507.165  000.195  000.195: sourcing C:\Users\okr\AppData\Local\nvim-data\site\pack\plugins\opt\zig.vim\ftdetect\zig.vim
507.203  350.651  350.456: sourcing C:\Users\okr\AppData\Local\nvim\plugin\packer_compiled.lua
512.817  036.818: loading rtp plugins
522.795  000.691  000.691: sourcing C:\Users\okr\AppData\Local\nvim-data\site\pack\plugins\start\hop.nvim\plugin\hop.vim
530.614  006.588  006.588: sourcing C:\Users\okr\AppData\Local\nvim-data\site\pack\plugins\start\kommentary\plugin\kommentary.vim
534.000  002.080  002.080: sourcing C:\Users\okr\AppData\Local\nvim-data\site\pack\plugins\start\lsp-colors.nvim\plugin\lsp-colors.vim
563.767  027.000  027.000: sourcing C:\Users\okr\AppData\Local\nvim-data\site\pack\plugins\start\nvim-cmp\plugin\cmp.lua
564.935  000.238  000.238: sourcing C:\Users\okr\AppData\Local\nvim-data\site\pack\plugins\start\nvim-colorizer.lua\plugin\colorizer.vim
566.774  000.320  000.320: sourcing C:\Users\okr\AppData\Local\nvim-data\site\pack\plugins\start\nvim-lspconfig\plugin\lspconfig.vim
568.154  000.196  000.196: sourcing C:\Users\okr\AppData\Local\nvim-data\site\pack\plugins\start\nvim-lsputils\plugin\nvim-lsputils.vim
574.794  005.446  005.446: sourcing C:\Users\okr\AppData\Local\nvim-data\site\pack\plugins\start\nvim-treesitter\plugin\nvim-treesitter.vim
578.596  002.496  002.496: sourcing C:\Users\okr\AppData\Local\nvim-data\site\pack\plugins\start\nvim-treesitter-refactor\plugin\nvim-treesitter-refactor.vim
582.234  002.357  002.357: sourcing C:\Users\okr\AppData\Local\nvim-data\site\pack\plugins\start\playground\plugin\nvim-treesitter-playground.vim
583.692  000.234  000.234: sourcing C:\Users\okr\AppData\Local\nvim-data\site\pack\plugins\start\plenary.nvim\plugin\plenary.vim
585.041  000.176  000.176: sourcing C:\Users\okr\AppData\Local\nvim-data\site\pack\plugins\start\popfix\plugin\popfix.vim
586.706  000.178  000.178: sourcing C:\Users\okr\AppData\Local\nvim-data\site\pack\plugins\start\rust-tools.nvim\plugin\rust-tools.vim
612.351  024.143  024.143: sourcing C:\Users\okr\AppData\Local\nvim-data\site\pack\plugins\start\symbols-outline.nvim\plugin\symbols-outline.vim
614.059  000.461  000.461: sourcing C:\Users\okr\AppData\Local\nvim-data\site\pack\plugins\start\telescope.nvim\plugin\telescope.vim
616.093  000.176  000.176: sourcing C:\Users\okr\AppData\Local\nvim-data\site\pack\plugins\start\which-key.nvim\plugin\which-key.vim
617.288  031.690: loading packages
651.787  031.538  031.538: sourcing C:\Users\okr\AppData\Local\nvim-data\site\pack\plugins\start\cmp-buffer\after\plugin\cmp_buffer.lua
653.295  000.715  000.715: sourcing C:\Users\okr\AppData\Local\nvim-data\site\pack\plugins\start\cmp-calc\after\plugin\cmp_calc.lua
654.818  000.774  000.774: sourcing C:\Users\okr\AppData\Local\nvim-data\site\pack\plugins\start\cmp-emoji\after\plugin\cmp_emoji.lua
656.205  000.446  000.446: sourcing C:\Users\okr\AppData\Local\nvim-data\site\pack\plugins\start\cmp-nvim-lsp\after\plugin\cmp_nvim_lsp.lua
658.096  001.037  001.037: sourcing C:\Users\okr\AppData\Local\nvim-data\site\pack\plugins\start\cmp-nvim-lua\after\plugin\cmp_nvim_lua.lua
660.064  001.173  001.173: sourcing C:\Users\okr\AppData\Local\nvim-data\site\pack\plugins\start\cmp-path\after\plugin\cmp_path.lua
660.363  007.392: loading after plugins
660.420  000.057: inits 3
667.274  006.854: reading ShaDa
667.315  000.041: opening buffers
816.685  149.370: BufEnter autocommands
816.701  000.016: editing files in windows
859.472  042.771: VimEnter autocommands
859.490  000.018: UIEnter autocommands
859.495  000.005: before starting main loop
860.724  001.229: first screen update
860.736  000.013: --- NVIM STARTED ---
